<?xml version="1.0" encoding="UTF-8"?>
<!-- Generated by org.testng.reporters.JUnitXMLReporter -->
<testsuite ignored="2" hostname="DESKTOP-DFNGHSA" failures="0" tests="2" name="Default test" time="8.578" errors="0" timestamp="24 Mar 2021 07:34:28 GMT">
  <testcase classname="TestSuite.FutureGenerali_SavingPlan_HomePageTest" name="@BeforeClass openurl" time="0.043">
    <failure type="java.lang.NullPointerException">
      <![CDATA[java.lang.NullPointerException
at java.base/java.util.Objects.requireNonNull(Objects.java:222)
at org.openqa.selenium.support.ui.FluentWait.<init>(FluentWait.java:106)
at org.openqa.selenium.support.ui.WebDriverWait.<init>(WebDriverWait.java:85)
at org.openqa.selenium.support.ui.WebDriverWait.<init>(WebDriverWait.java:45)
at TestSuite.FutureGenerali_SavingPlan_HomePageTest.openurl(FutureGenerali_SavingPlan_HomePageTest.java:39)
at java.base/jdk.internal.reflect.NativeMethodAccessorImpl.invoke0(Native Method)
at java.base/jdk.internal.reflect.NativeMethodAccessorImpl.invoke(NativeMethodAccessorImpl.java:62)
at java.base/jdk.internal.reflect.DelegatingMethodAccessorImpl.invoke(DelegatingMethodAccessorImpl.java:43)
at java.base/java.lang.reflect.Method.invoke(Method.java:564)
at org.testng.internal.MethodInvocationHelper.invokeMethod(MethodInvocationHelper.java:124)
at org.testng.internal.MethodInvocationHelper.invokeMethodConsideringTimeout(MethodInvocationHelper.java:59)
at org.testng.internal.Invoker.invokeConfigurationMethod(Invoker.java:458)
at org.testng.internal.Invoker.invokeConfigurations(Invoker.java:222)
at org.testng.internal.Invoker.invokeConfigurations(Invoker.java:142)
at org.testng.internal.TestMethodWorker.invokeBeforeClassMethods(TestMethodWorker.java:168)
at org.testng.internal.TestMethodWorker.run(TestMethodWorker.java:105)
at org.testng.TestRunner.privateRun(TestRunner.java:648)
at org.testng.TestRunner.run(TestRunner.java:505)
at org.testng.SuiteRunner.runTest(SuiteRunner.java:455)
at org.testng.SuiteRunner.runSequentially(SuiteRunner.java:450)
at org.testng.SuiteRunner.privateRun(SuiteRunner.java:415)
at org.testng.SuiteRunner.run(SuiteRunner.java:364)
at org.testng.SuiteRunnerWorker.runSuite(SuiteRunnerWorker.java:52)
at org.testng.SuiteRunnerWorker.run(SuiteRunnerWorker.java:84)
at org.testng.TestNG.runSuitesSequentially(TestNG.java:1208)
at org.testng.TestNG.runSuitesLocally(TestNG.java:1137)
at org.testng.TestNG.runSuites(TestNG.java:1049)
at org.testng.TestNG.run(TestNG.java:1017)
at org.testng.remote.AbstractRemoteTestNG.run(AbstractRemoteTestNG.java:115)
at org.testng.remote.RemoteTestNG.initAndRun(RemoteTestNG.java:251)
at org.testng.remote.RemoteTestNG.main(RemoteTestNG.java:77)
]]>
    </failure>
  </testcase> <!-- @BeforeClass openurl -->
  <testcase classname="TestSuite.FutureGenerali_SavingPlan_HomePageTest" name="@BeforeMethod clicklink" time="0.0">
    <skipped/>
  </testcase> <!-- @BeforeMethod clicklink -->
  <testcase classname="TestSuite.FutureGenerali_SavingPlan_HomePageTest" name="@AfterMethod Changeproduct" time="0.0">
    <skipped/>
  </testcase> <!-- @AfterMethod Changeproduct -->
  <testcase classname="TestSuite.FutureGenerali_SavingPlan_HomePageTest" name="@BeforeMethod clicklink" time="0.0">
    <skipped/>
  </testcase> <!-- @BeforeMethod clicklink -->
  <testcase classname="TestSuite.FutureGenerali_SavingPlan_HomePageTest" name="@AfterMethod Changeproduct" time="0.0">
    <skipped/>
  </testcase> <!-- @AfterMethod Changeproduct -->
  <testcase classname="TestSuite.FutureGenerali_SavingPlan_HomePageTest" name="plan" time="0.0">
    <skipped/>
  </testcase> <!-- plan -->
  <testcase classname="TestSuite.FutureGenerali_SavingPlan_HomePageTest" name="plan2" time="0.0">
    <skipped/>
  </testcase> <!-- plan2 -->
  <testcase classname="TestSuite.FutureGenerali_SavingPlan_HomePageTest" name="plan4" time="0.0">
    <ignored/>
  </testcase> <!-- plan4 -->
  <testcase classname="TestSuite.FutureGenerali_SavingPlan_HomePageTest" name="plan3" time="0.0">
    <ignored/>
  </testcase> <!-- plan3 -->
</testsuite> <!-- Default test -->
