<?xml version="1.0" encoding="UTF-8"?>
<!-- Generated by org.testng.reporters.JUnitXMLReporter -->
<testsuite hostname="DESKTOP-V88TEJN" ignored="0" name="Test" tests="3" failures="1" timestamp="12 May 2020 00:37:02 GMT" time="0.299" errors="0">
  <testcase name="checkPageNavigation" time="0.166" classname="TestSuite.ShopTestCases"/>
  <testcase name="verifyShopNameCategoryCount" time="0.094" classname="TestSuite.ShopTestCases"/>
  <testcase name="verifyNavigationBrand" time="0.006" classname="TestSuite.PhotoCommarceTestCases">
    <failure type="java.lang.NullPointerException">
      <![CDATA[java.lang.NullPointerException
at org.openqa.selenium.support.pagefactory.DefaultElementLocator.findElement(DefaultElementLocator.java:69)
at org.openqa.selenium.support.pagefactory.internal.LocatingElementHandler.invoke(LocatingElementHandler.java:38)
at com.sun.proxy.$Proxy10.isDisplayed(Unknown Source)
at TestSuite.PhotoCommarceTestCases.verifyNavigationBrand(PhotoCommarceTestCases.java:29)
... Removed 25 stack frames]]>
    </failure>
  </testcase> <!-- verifyNavigationBrand -->
</testsuite> <!-- Test -->
