<?xml version="1.0" encoding="UTF-8"?>
<testsuite xmlns:xsi="http://www.w3.org/2001/XMLSchema-instance" xsi:noNamespaceSchemaLocation="https://maven.apache.org/surefire/maven-surefire-plugin/xsd/surefire-test-report-3.0.xsd" version="3.0" name="TestSuite" time="70.527" tests="2" errors="0" skipped="0" failures="1">
  <properties>
[...]
</properties>
  <testcase name="plan" classname="TestSuite.FutureGenerali_SavingPlan_HomePageTest" time="17.133"/>
  <testcase name="plan2" classname="TestSuite.FutureGenerali_SavingPlan_HomePageTest" time="24.299">
    <failure message="expected [20,000] but found [83,316]" type="java.lang.AssertionError">java.lang.AssertionError: expected [20,000] but found [83,316]
	at TestSuite.FutureGenerali_SavingPlan_HomePageTest.plan2(FutureGenerali_SavingPlan_HomePageTest.java:142)
</failure>
    <system-out><![CDATA[*** Executed plan test successfully...


Future Generali LifeTime Partner Plan
*** Running test method plan2...
Ajay
Warade
21/07/1980
Aadhar with DOB
Upto Age 100
12
Quarterly
Monthly
Offline
None
Deferred Income
2500000
2500000

No validation error appeared

Policy Details
Policy Option Deferred Income Sum Assured Rs 25,00,000
Bonus Type Cash Bonus Sum Assured on Death (at inception of the policy) Rs. 33,32,640


Premium Summary
Base Plan Riders Total Instalment Premium
Instalment Premium without GST 83,316 - 83,316
Instalment Premium with First Year GST 87,065 - 87,065
Instalment Premium with GST 2nd year Onwards 85,191 - 85,191


]]></system-out>
  </testcase>
</testsuite>