-------------------------------------------------------------------------------
Test set: TestSuite
-------------------------------------------------------------------------------
Tests run: 2, Failures: 1, Errors: 0, Skipped: 0, Time elapsed: 70.527 s <<< FAILURE! - in TestSuite
plan2(TestSuite.FutureGenerali_SavingPlan_HomePageTest)  Time elapsed: 24.299 s  <<< FAILURE!
java.lang.AssertionError: expected [20,000] but found [83,316]
	at TestSuite.FutureGenerali_SavingPlan_HomePageTest.plan2(FutureGenerali_SavingPlan_HomePageTest.java:142)

